<?xml version="1.0" encoding="UTF-8" ?>
<testsuite errors="1" failures="0" hostname="LAPTOP-EOJVJGMR" name="AreaTest" skipped="0" tests="1" time="0.0" timestamp="2023-05-16T17:52:16">
  <properties>
    <property name="ant.library.dir" value="C:\Program Files\apache-ant-1.10.13\lib" />
    <property name="ant.file.type" value="file" />
    <property name="java.specification.version" value="20" />
    <property name="ant.project.name" value="MariaLaba" />
    <property name="ant.file.MariaLaba" value="C:\Users\munic\OneDrive\Рабочий стол\laba\build.xml" />
    <property name="sun.cpu.isalist" value="amd64" />
    <property name="sun.jnu.encoding" value="Cp1251" />
    <property name="java.class.path" value="C:\Users\munic\OneDrive\Рабочий стол\laba\test;C:\Users\munic\OneDrive\Рабочий стол\laba\lib\ant-contrib-1.0b3.jar;C:\Users\munic\OneDrive\Рабочий стол\laba\lib\hamcrest-core-1.3.jar;C:\Users\munic\OneDrive\Рабочий стол\laba\lib\junit-4.12.jar;C:\Program Files\apache-ant-1.10.13\lib\ant-launcher.jar;C:\Program Files\apache-ant-1.10.13\lib\ant.jar;C:\Program Files\apache-ant-1.10.13\lib\ant-junit.jar;C:\Program Files\apache-ant-1.10.13\lib\ant-junit4.jar" />
    <property name="main" value="src/com/company" />
    <property name="java.vm.vendor" value="Oracle Corporation" />
    <property name="sun.arch.data.model" value="64" />
    <property name="user.variant" value="" />
    <property name="java.vendor.url" value="https://java.oracle.com/" />
    <property name="java.vm.specification.version" value="20" />
    <property name="os.name" value="Windows 10" />
    <property name="sun.java.launcher" value="SUN_STANDARD" />
    <property name="user.country" value="RU" />
    <property name="compiled.tests" value="target/tests" />
    <property name="sun.boot.library.path" value="C:\Program Files\Java\jdk-20\bin" />
    <property name="sun.java.command" value="org.apache.tools.ant.taskdefs.optional.junit.JUnitTestRunner AreaTest skipNonTests=false filtertrace=true haltOnError=false haltOnFailure=false formatter=org.apache.tools.ant.taskdefs.optional.junit.SummaryJUnitResultFormatter showoutput=false outputtoformatters=true logfailedtests=true threadid=0 logtestlistenerevents=false formatter=org.apache.tools.ant.taskdefs.optional.junit.XMLJUnitResultFormatter,C:\Users\munic\OneDrive\Рабочий стол\laba\test\TEST-AreaTest.xml crashfile=C:\Users\munic\OneDrive\Рабочий стол\laba\junitvmwatcher6307813589528791743.properties propsfile=C:\Users\munic\OneDrive\Рабочий стол\laba\junit17902508018670477772.properties" />
    <property name="jdk.debug" value="release" />
    <property name="test" value="test" />
    <property name="sun.cpu.endian" value="little" />
    <property name="user.home" value="C:\Users\munic" />
    <property name="user.language" value="ru" />
    <property name="java.specification.vendor" value="Oracle Corporation" />
    <property name="java.version.date" value="2023-04-18" />
    <property name="java.home" value="C:\Program Files\Java\jdk-20" />
    <property name="basedir" value="C:\Users\munic\OneDrive\Рабочий стол\laba" />
    <property name="file.separator" value="\" />
    <property name="java.vm.compressedOopsMode" value="Zero based" />
    <property name="line.separator" value="&#xd;&#xa;" />
    <property name="ant.java.version" value="20" />
    <property name="java.specification.name" value="Java Platform API Specification" />
    <property name="java.vm.specification.vendor" value="Oracle Corporation" />
    <property name="doc.dir" value="doc" />
    <property name="user.script" value="" />
    <property name="sun.management.compiler" value="HotSpot 64-Bit Tiered Compilers" />
    <property name="java.runtime.version" value="20.0.1+9-29" />
    <property name="ant.file.type.MariaLaba" value="file" />
    <property name="java.security.manager" value="allow" />
    <property name="user.name" value="munic" />
    <property name="ant.file" value="C:\Users\munic\OneDrive\Рабочий стол\laba\build.xml" />
    <property name="stdout.encoding" value="Cp1251" />
    <property name="path.separator" value=";" />
    <property name="dest.jar" value="target/MispiLab3.jar" />
    <property name="os.version" value="10.0" />
    <property name="java.runtime.name" value="Java(TM) SE Runtime Environment" />
    <property name="compiled" value="target" />
    <property name="file.encoding" value="UTF-8" />
    <property name="ant.project.invoked-targets" value="report" />
    <property name="java.vm.name" value="Java HotSpot(TM) 64-Bit Server VM" />
    <property name="ant.core.lib" value="C:\Program Files\apache-ant-1.10.13\lib\ant.jar" />
    <property name="java.vendor.url.bug" value="https://bugreport.java.com/bugreport/" />
    <property name="java.io.tmpdir" value="C:\Users\munic\AppData\Local\Temp\" />
    <property name="java.version" value="20.0.1" />
    <property name="user.dir" value="C:\Users\munic\OneDrive\Рабочий стол\laba" />
    <property name="os.arch" value="amd64" />
    <property name="java.vm.specification.name" value="Java Virtual Machine Specification" />
    <property name="ant.home" value="C:\Program Files\apache-ant-1.10.13\bin\.." />
    <property name="lib.dir" value="lib" />
    <property name="sun.os.patch.level" value="" />
    <property name="native.encoding" value="Cp1251" />
    <property name="ant.version" value="Apache Ant(TM) version 1.10.13 compiled on January 4 2023" />
    <property name="java.library.path" value="C:\Program Files\Java\jdk-20\bin;C:\WINDOWS\Sun\Java\bin;C:\WINDOWS\system32;C:\WINDOWS;C:\Program Files\apache-ant-1.10.13\bin;C:\Program Files\Common Files\Oracle\Java\javapath;C:\Program Files\Microsoft\jdk-11.0.12.7-hotspot\bin;C:\Windows\system32;C:\Windows;C:\Windows\System32\Wbem;C:\Windows\System32\WindowsPowerShell\v1.0\;C:\Windows\System32\OpenSSH\;C:\WINDOWS\system32;C:\WINDOWS;C:\WINDOWS\System32\Wbem;C:\WINDOWS\System32\WindowsPowerShell\v1.0\;C:\WINDOWS\System32\OpenSSH\;C:\Program Files (x86)\NVIDIA Corporation\PhysX\Common;C:\Program Files\NVIDIA Corporation\NVIDIA NvDLISR;C:\Program Files\Microsoft SQL Server\150\Tools\Binn\;C:\Program Files\Microsoft SQL Server\Client SDK\ODBC\170\Tools\Binn\;C:\Program Files\dotnet\;C:\MinGW\bin;C:\Program Files\Git\cmd;C:\Program Files\TortoiseSVN\bin;C:\Program Files\MySQL\MySQL Shell 8.0\bin\;C:\Users\munic\AppData\Local\Microsoft\WindowsApps;C:\Users\munic\.dotnet\tools;C:\Users\munic\AppData\Local\Programs\Microsoft VS Code\bin;C:\MinGW\bin;C:\Users\munic\AppData\Local\GitHubDesktop\bin;;." />
    <property name="java.vendor" value="Oracle Corporation" />
    <property name="stderr.encoding" value="Cp1251" />
    <property name="java.vm.info" value="mixed mode, sharing" />
    <property name="java.vm.version" value="20.0.1+9-29" />
    <property name="sun.io.unicode.encoding" value="UnicodeLittle" />
    <property name="compiled.classes" value="target/classes" />
    <property name="java.class.version" value="64.0" />
    <property name="src.dir" value="src" />
    <property name="ant.project.default-target" value="run" />
  </properties>
  <error message="AreaTest" type="java.lang.ClassNotFoundException">java.lang.ClassNotFoundException: AreaTest
	at java.base/jdk.internal.loader.BuiltinClassLoader.loadClass(BuiltinClassLoader.java:641)
	at java.base/jdk.internal.loader.ClassLoaders$AppClassLoader.loadClass(ClassLoaders.java:188)
	at java.base/java.lang.ClassLoader.loadClass(ClassLoader.java:521)
	at java.base/java.lang.Class.forName0(Native Method)
	at java.base/java.lang.Class.forName(Class.java:496)
	at java.base/java.lang.Class.forName(Class.java:475)
</error>
  <system-out><![CDATA[]]></system-out>
  <system-err><![CDATA[]]></system-err>
</testsuite>
